TN:
SF:src/app.js
FN:26,(anonymous_0)
FN:32,(anonymous_1)
FNF:2
FNH:1
FNDA:1,(anonymous_0)
FNDA:0,(anonymous_1)
DA:12,1
DA:13,1
DA:15,1
DA:16,1
DA:18,1
DA:19,1
DA:20,1
DA:21,1
DA:22,1
DA:23,1
DA:26,1
DA:27,1
DA:31,1
DA:32,0
DA:33,0
LF:15
LH:13
BRDA:13,0,0,1
BRDA:13,0,1,1
BRDA:31,1,0,0
BRDA:31,1,1,1
BRDA:31,2,0,1
BRDA:31,2,1,1
BRF:6
BRH:5
end_of_record
TN:
SF:src/controllers/authController.js
FN:7,(anonymous_0)
FN:21,(anonymous_1)
FN:39,(anonymous_2)
FN:44,(anonymous_3)
FNF:4
FNH:4
FNDA:4,(anonymous_0)
FNDA:6,(anonymous_1)
FNDA:1,(anonymous_2)
FNDA:3,(anonymous_3)
DA:5,2
DA:7,2
DA:8,4
DA:9,4
DA:10,1
DA:12,3
DA:13,3
DA:14,1
DA:16,2
DA:17,2
DA:18,2
DA:21,2
DA:22,6
DA:23,6
DA:24,1
DA:26,5
DA:27,5
DA:28,2
DA:30,3
DA:31,3
DA:32,1
DA:34,2
DA:35,2
DA:39,2
DA:41,1
DA:44,2
DA:45,3
DA:46,3
DA:47,2
DA:48,2
DA:49,2
DA:50,2
DA:51,2
DA:52,1
DA:54,0
LF:35
LH:34
BRDA:5,0,0,2
BRDA:5,0,1,2
BRDA:9,1,0,1
BRDA:9,1,1,3
BRDA:9,2,0,4
BRDA:9,2,1,4
BRDA:9,2,2,3
BRDA:13,3,0,1
BRDA:13,3,1,2
BRDA:23,4,0,1
BRDA:23,4,1,5
BRDA:23,5,0,6
BRDA:23,5,1,6
BRDA:27,6,0,2
BRDA:27,6,1,3
BRDA:31,7,0,1
BRDA:31,7,1,2
BRDA:46,8,0,1
BRDA:46,8,1,2
BRDA:51,9,0,1
BRDA:51,9,1,1
BRF:21
BRH:21
end_of_record
TN:
SF:src/controllers/cardsController.js
FN:5,(anonymous_0)
FN:27,(anonymous_1)
FN:38,(anonymous_2)
FN:58,(anonymous_3)
FN:69,(anonymous_4)
FNF:5
FNH:5
FNDA:6,(anonymous_0)
FNDA:4,(anonymous_1)
FNDA:3,(anonymous_2)
FNDA:2,(anonymous_3)
FNDA:2,(anonymous_4)
DA:5,2
DA:6,6
DA:7,6
DA:8,6
DA:9,6
DA:10,6
DA:11,1
DA:13,5
DA:14,1
DA:16,4
DA:17,1
DA:19,3
DA:20,2
DA:22,1
DA:27,2
DA:28,4
DA:29,4
DA:30,3
DA:31,2
DA:33,1
DA:38,2
DA:39,3
DA:40,3
DA:41,3
DA:42,3
DA:43,3
DA:44,1
DA:46,2
DA:47,0
DA:49,2
DA:50,2
DA:51,1
DA:53,0
DA:58,2
DA:59,2
DA:60,2
DA:61,2
DA:62,1
DA:64,0
DA:69,2
DA:70,2
DA:71,2
DA:72,1
DA:74,1
LF:44
LH:41
BRDA:10,0,0,1
BRDA:10,0,1,5
BRDA:10,1,0,6
BRDA:10,1,1,6
BRDA:10,1,2,6
BRDA:13,2,0,1
BRDA:13,2,1,4
BRDA:16,3,0,1
BRDA:16,3,1,3
BRDA:30,4,0,1
BRDA:30,4,1,2
BRDA:43,5,0,1
BRDA:43,5,1,2
BRDA:43,6,0,3
BRDA:43,6,1,3
BRDA:46,7,0,0
BRDA:46,7,1,2
BRDA:46,8,0,2
BRDA:46,8,1,2
BRDA:50,9,0,1
BRDA:50,9,1,1
BRDA:61,10,0,1
BRDA:61,10,1,1
BRF:23
BRH:22
end_of_record
TN:
SF:src/controllers/gameRulesController.js
FN:5,(anonymous_0)
FN:60,(anonymous_1)
FN:90,(anonymous_2)
FN:120,(anonymous_3)
FN:150,(anonymous_4)
FN:182,(anonymous_5)
FN:204,(anonymous_6)
FN:234,(anonymous_7)
FN:256,(anonymous_8)
FN:278,(anonymous_9)
FN:307,(anonymous_10)
FN:345,(anonymous_11)
FN:390,(anonymous_12)
FN:413,(anonymous_13)
FNF:14
FNH:0
FNDA:0,(anonymous_0)
FNDA:0,(anonymous_1)
FNDA:0,(anonymous_2)
FNDA:0,(anonymous_3)
FNDA:0,(anonymous_4)
FNDA:0,(anonymous_5)
FNDA:0,(anonymous_6)
FNDA:0,(anonymous_7)
FNDA:0,(anonymous_8)
FNDA:0,(anonymous_9)
FNDA:0,(anonymous_10)
FNDA:0,(anonymous_11)
FNDA:0,(anonymous_12)
FNDA:0,(anonymous_13)
DA:5,1
DA:6,0
DA:7,0
DA:9,0
DA:10,0
DA:15,0
DA:16,0
DA:22,0
DA:26,0
DA:27,0
DA:33,0
DA:39,0
DA:41,0
DA:42,0
DA:46,0
DA:48,0
DA:49,0
DA:52,0
DA:54,0
DA:55,0
DA:60,1
DA:61,0
DA:62,0
DA:64,0
DA:65,0
DA:71,0
DA:72,0
DA:73,0
DA:76,0
DA:78,0
DA:79,0
DA:82,0
DA:84,0
DA:85,0
DA:90,1
DA:91,0
DA:92,0
DA:94,0
DA:95,0
DA:101,0
DA:102,0
DA:103,0
DA:106,0
DA:108,0
DA:109,0
DA:112,0
DA:114,0
DA:115,0
DA:120,1
DA:121,0
DA:122,0
DA:124,0
DA:125,0
DA:131,0
DA:132,0
DA:133,0
DA:136,0
DA:138,0
DA:139,0
DA:142,0
DA:144,0
DA:145,0
DA:150,1
DA:151,0
DA:152,0
DA:154,0
DA:155,0
DA:161,0
DA:162,0
DA:164,0
DA:165,0
DA:168,0
DA:170,0
DA:171,0
DA:174,0
DA:176,0
DA:177,0
DA:182,1
DA:183,0
DA:184,0
DA:186,0
DA:187,0
DA:190,0
DA:192,0
DA:193,0
DA:196,0
DA:198,0
DA:199,0
DA:204,1
DA:205,0
DA:206,0
DA:208,0
DA:209,0
DA:215,0
DA:216,0
DA:217,0
DA:220,0
DA:222,0
DA:223,0
DA:226,0
DA:228,0
DA:229,0
DA:234,1
DA:235,0
DA:236,0
DA:238,0
DA:239,0
DA:242,0
DA:244,0
DA:245,0
DA:248,0
DA:250,0
DA:251,0
DA:256,1
DA:257,0
DA:258,0
DA:260,0
DA:261,0
DA:264,0
DA:266,0
DA:267,0
DA:270,0
DA:272,0
DA:273,0
DA:278,1
DA:279,0
DA:280,0
DA:282,0
DA:283,0
DA:288,0
DA:289,0
DA:294,0
DA:296,0
DA:301,0
DA:302,0
DA:307,1
DA:308,0
DA:309,0
DA:311,0
DA:312,0
DA:317,0
DA:318,0
DA:323,0
DA:324,0
DA:330,0
DA:331,0
DA:333,0
DA:339,0
DA:340,0
DA:345,1
DA:346,0
DA:347,0
DA:349,0
DA:350,0
DA:355,0
DA:356,0
DA:361,0
DA:362,0
DA:368,0
DA:372,0
DA:373,0
DA:375,0
DA:378,0
DA:384,0
DA:385,0
DA:390,1
DA:391,0
DA:392,0
DA:394,0
DA:395,0
DA:400,0
DA:401,0
DA:406,0
DA:407,0
DA:413,0
DA:414,0
DA:418,0
DA:419,0
DA:425,0
DA:426,0
DA:431,0
DA:432,0
DA:433,0
DA:436,0
DA:439,0
DA:446,0
DA:447,0
LF:187
LH:13
BRDA:7,0,0,0
BRDA:9,1,0,0
BRDA:9,1,1,0
BRDA:9,2,0,0
BRDA:9,2,1,0
BRDA:9,2,2,0
BRDA:15,3,0,0
BRDA:15,3,1,0
BRDA:15,4,0,0
BRDA:15,4,1,0
BRDA:26,5,0,0
BRDA:26,5,1,0
BRDA:41,6,0,0
BRDA:41,6,1,0
BRDA:48,7,0,0
BRDA:48,7,1,0
BRDA:64,8,0,0
BRDA:64,8,1,0
BRDA:64,9,0,0
BRDA:64,9,1,0
BRDA:64,9,2,0
BRDA:72,10,0,0
BRDA:72,10,1,0
BRDA:78,11,0,0
BRDA:78,11,1,0
BRDA:94,12,0,0
BRDA:94,12,1,0
BRDA:94,13,0,0
BRDA:94,13,1,0
BRDA:102,14,0,0
BRDA:102,14,1,0
BRDA:108,15,0,0
BRDA:108,15,1,0
BRDA:124,16,0,0
BRDA:124,16,1,0
BRDA:124,17,0,0
BRDA:124,17,1,0
BRDA:132,18,0,0
BRDA:132,18,1,0
BRDA:138,19,0,0
BRDA:138,19,1,0
BRDA:154,20,0,0
BRDA:154,20,1,0
BRDA:154,21,0,0
BRDA:154,21,1,0
BRDA:154,21,2,0
BRDA:164,22,0,0
BRDA:164,22,1,0
BRDA:164,23,0,0
BRDA:164,23,1,0
BRDA:170,24,0,0
BRDA:170,24,1,0
BRDA:186,25,0,0
BRDA:186,25,1,0
BRDA:192,26,0,0
BRDA:192,26,1,0
BRDA:208,27,0,0
BRDA:208,27,1,0
BRDA:208,28,0,0
BRDA:208,28,1,0
BRDA:216,29,0,0
BRDA:216,29,1,0
BRDA:222,30,0,0
BRDA:222,30,1,0
BRDA:238,31,0,0
BRDA:238,31,1,0
BRDA:244,32,0,0
BRDA:244,32,1,0
BRDA:260,33,0,0
BRDA:260,33,1,0
BRDA:266,34,0,0
BRDA:266,34,1,0
BRDA:282,35,0,0
BRDA:282,35,1,0
BRDA:282,36,0,0
BRDA:282,36,1,0
BRDA:282,36,2,0
BRDA:288,37,0,0
BRDA:288,37,1,0
BRDA:288,38,0,0
BRDA:288,38,1,0
BRDA:288,38,2,0
BRDA:311,39,0,0
BRDA:311,39,1,0
BRDA:317,40,0,0
BRDA:317,40,1,0
BRDA:317,41,0,0
BRDA:317,41,1,0
BRDA:317,41,2,0
BRDA:323,42,0,0
BRDA:323,42,1,0
BRDA:323,43,0,0
BRDA:323,43,1,0
BRDA:323,43,2,0
BRDA:349,44,0,0
BRDA:349,44,1,0
BRDA:355,45,0,0
BRDA:355,45,1,0
BRDA:355,46,0,0
BRDA:355,46,1,0
BRDA:355,46,2,0
BRDA:361,47,0,0
BRDA:361,47,1,0
BRDA:361,48,0,0
BRDA:361,48,1,0
BRDA:361,48,2,0
BRDA:368,49,0,0
BRDA:368,49,1,0
BRDA:372,50,0,0
BRDA:372,50,1,0
BRDA:375,51,0,0
BRDA:375,51,1,0
BRDA:394,52,0,0
BRDA:394,52,1,0
BRDA:394,53,0,0
BRDA:394,53,1,0
BRDA:400,54,0,0
BRDA:400,54,1,0
BRDA:400,55,0,0
BRDA:400,55,1,0
BRDA:406,56,0,0
BRDA:406,56,1,0
BRDA:414,57,0,0
BRDA:414,57,1,0
BRDA:418,58,0,0
BRDA:418,58,1,0
BRDA:425,59,0,0
BRDA:425,59,1,0
BRDA:436,60,0,0
BRDA:436,60,1,0
BRF:130
BRH:0
end_of_record
TN:
SF:src/controllers/gamesController.js
FN:4,(anonymous_0)
FN:18,(anonymous_1)
FN:29,(anonymous_2)
FN:40,(anonymous_3)
FN:51,(anonymous_4)
FN:61,(anonymous_5)
FN:79,(anonymous_6)
FN:100,(anonymous_7)
FN:118,(anonymous_8)
FN:136,(anonymous_9)
FN:150,(anonymous_10)
FN:154,(anonymous_11)
FN:161,(anonymous_12)
FN:176,(anonymous_13)
FN:187,(anonymous_14)
FN:196,(anonymous_15)
FNF:16
FNH:15
FNDA:3,(anonymous_0)
FNDA:3,(anonymous_1)
FNDA:2,(anonymous_2)
FNDA:2,(anonymous_3)
FNDA:1,(anonymous_4)
FNDA:2,(anonymous_5)
FNDA:2,(anonymous_6)
FNDA:1,(anonymous_7)
FNDA:0,(anonymous_8)
FNDA:1,(anonymous_9)
FNDA:1,(anonymous_10)
FNDA:2,(anonymous_11)
FNDA:1,(anonymous_12)
FNDA:1,(anonymous_13)
FNDA:1,(anonymous_14)
FNDA:2,(anonymous_15)
DA:4,2
DA:5,3
DA:6,3
DA:10,1
DA:11,1
DA:13,2
DA:18,2
DA:19,3
DA:20,3
DA:21,3
DA:22,2
DA:24,0
DA:29,2
DA:30,2
DA:31,2
DA:32,2
DA:33,1
DA:35,0
DA:40,2
DA:41,2
DA:42,2
DA:43,2
DA:44,1
DA:46,0
DA:51,2
DA:52,1
DA:53,1
DA:54,1
DA:56,0
DA:61,2
DA:62,2
DA:63,2
DA:64,2
DA:65,2
DA:66,2
DA:67,1
DA:69,1
DA:70,0
DA:72,1
DA:74,0
DA:79,2
DA:80,2
DA:81,2
DA:82,2
DA:83,2
DA:84,2
DA:85,1
DA:87,1
DA:88,0
DA:90,1
DA:91,0
DA:93,1
DA:95,0
DA:100,2
DA:101,1
DA:102,1
DA:103,1
DA:104,1
DA:105,1
DA:106,0
DA:108,1
DA:109,0
DA:111,1
DA:113,0
DA:118,2
DA:119,0
DA:120,0
DA:121,0
DA:122,0
DA:123,0
DA:124,0
DA:126,0
DA:127,0
DA:129,0
DA:131,0
DA:136,2
DA:137,1
DA:138,1
DA:139,1
DA:140,1
DA:141,0
DA:143,1
DA:145,0
DA:150,2
DA:151,1
DA:152,1
DA:153,1
DA:154,2
DA:156,0
DA:161,2
DA:162,1
DA:163,1
DA:164,1
DA:165,1
DA:166,0
DA:169,1
DA:171,0
DA:176,2
DA:177,1
DA:178,1
DA:180,1
DA:182,0
DA:187,2
DA:188,1
DA:189,1
DA:190,1
DA:191,1
DA:192,0
DA:195,1
DA:196,2
DA:197,1
DA:199,0
LF:112
LH:82
BRDA:21,0,0,1
BRDA:21,0,1,2
BRDA:32,1,0,1
BRDA:32,1,1,1
BRDA:43,2,0,1
BRDA:43,2,1,1
BRDA:66,3,0,1
BRDA:66,3,1,1
BRDA:69,4,0,0
BRDA:69,4,1,1
BRDA:84,5,0,1
BRDA:84,5,1,1
BRDA:87,6,0,0
BRDA:87,6,1,1
BRDA:90,7,0,0
BRDA:90,7,1,1
BRDA:105,8,0,0
BRDA:105,8,1,1
BRDA:108,9,0,0
BRDA:108,9,1,1
BRDA:123,10,0,0
BRDA:123,10,1,0
BRDA:126,11,0,0
BRDA:126,11,1,0
BRDA:140,12,0,0
BRDA:140,12,1,1
BRDA:165,13,0,0
BRDA:165,13,1,1
BRDA:165,14,0,1
BRDA:165,14,1,1
BRDA:191,15,0,0
BRDA:191,15,1,1
BRDA:191,16,0,1
BRDA:191,16,1,1
BRF:34
BRH:22
end_of_record
TN:
SF:src/controllers/playerCardController.js
FN:4,(anonymous_0)
FN:23,(anonymous_1)
FN:52,(anonymous_2)
FN:73,(anonymous_3)
FN:90,(anonymous_4)
FNF:5
FNH:0
FNDA:0,(anonymous_0)
FNDA:0,(anonymous_1)
FNDA:0,(anonymous_2)
FNDA:0,(anonymous_3)
FNDA:0,(anonymous_4)
DA:4,1
DA:5,0
DA:6,0
DA:7,0
DA:9,0
DA:11,0
DA:17,0
DA:18,0
DA:23,1
DA:24,0
DA:25,0
DA:26,0
DA:28,0
DA:29,0
DA:32,0
DA:34,0
DA:43,0
DA:44,0
DA:45,0
DA:47,0
DA:52,1
DA:53,0
DA:54,0
DA:55,0
DA:57,0
DA:59,0
DA:64,0
DA:65,0
DA:66,0
DA:68,0
DA:73,1
DA:74,0
DA:75,0
DA:77,0
DA:79,0
DA:84,0
DA:85,0
DA:90,1
DA:91,0
DA:92,0
DA:94,0
DA:96,0
DA:97,0
DA:104,0
DA:109,0
DA:110,0
LF:46
LH:5
BRDA:28,0,0,0
BRDA:28,0,1,0
BRDA:44,1,0,0
BRDA:44,1,1,0
BRDA:65,2,0,0
BRDA:65,2,1,0
BRDA:96,3,0,0
BRDA:96,3,1,0
BRF:8
BRH:0
end_of_record
TN:
SF:src/controllers/playersController.js
FN:4,(anonymous_0)
FN:12,(anonymous_1)
FN:29,(anonymous_2)
FN:46,(anonymous_3)
FN:54,(anonymous_4)
FN:72,(anonymous_5)
FN:90,(anonymous_6)
FN:94,(anonymous_7)
FN:95,(anonymous_8)
FNF:9
FNH:8
FNDA:6,(anonymous_0)
FNDA:1,(anonymous_1)
FNDA:4,(anonymous_2)
FNDA:3,(anonymous_3)
FNDA:0,(anonymous_4)
FNDA:3,(anonymous_5)
FNDA:2,(anonymous_6)
FNDA:2,(anonymous_7)
FNDA:2,(anonymous_8)
DA:4,2
DA:5,6
DA:6,6
DA:7,6
DA:8,2
DA:11,4
DA:12,3
DA:13,1
DA:15,2
DA:16,2
DA:24,1
DA:29,2
DA:30,4
DA:31,4
DA:32,4
DA:33,2
DA:41,0
DA:46,2
DA:47,3
DA:48,3
DA:49,3
DA:50,3
DA:52,2
DA:53,2
DA:54,2
DA:55,0
DA:58,2
DA:59,1
DA:67,1
DA:72,2
DA:73,3
DA:74,3
DA:75,3
DA:77,2
DA:78,0
DA:79,0
DA:81,2
DA:82,2
DA:85,0
DA:90,2
DA:91,2
DA:92,2
DA:94,2
DA:95,2
DA:103,1
LF:45
LH:40
BRDA:7,0,0,2
BRDA:7,0,1,4
BRDA:7,1,0,6
BRDA:7,1,1,6
BRDA:7,1,2,4
BRDA:12,2,0,1
BRDA:12,2,1,2
BRDA:32,3,0,2
BRDA:32,3,1,2
BRDA:50,4,0,1
BRDA:50,4,1,2
BRDA:52,5,0,2
BRDA:52,5,1,0
BRDA:52,6,0,2
BRDA:52,6,1,2
BRDA:54,7,0,0
BRDA:54,7,1,2
BRDA:75,8,0,1
BRDA:75,8,1,2
BRDA:77,9,0,0
BRDA:77,9,1,2
BRDA:94,10,0,2
BRDA:94,10,1,2
BRF:23
BRH:20
end_of_record
TN:
SF:src/controllers/scoresController.js
FN:4,(anonymous_0)
FN:18,(anonymous_1)
FN:29,(anonymous_2)
FN:41,(anonymous_3)
FN:52,(anonymous_4)
FNF:5
FNH:5
FNDA:4,(anonymous_0)
FNDA:3,(anonymous_1)
FNDA:2,(anonymous_2)
FNDA:2,(anonymous_3)
FNDA:2,(anonymous_4)
DA:4,2
DA:5,4
DA:6,4
DA:7,4
DA:8,1
DA:10,3
DA:11,2
DA:13,1
DA:18,2
DA:19,3
DA:20,3
DA:21,3
DA:22,2
DA:24,0
DA:29,2
DA:30,2
DA:31,2
DA:32,2
DA:33,2
DA:34,1
DA:36,0
DA:41,2
DA:42,2
DA:43,2
DA:44,2
DA:45,1
DA:47,0
DA:52,2
DA:53,2
DA:54,2
DA:55,1
DA:57,1
LF:32
LH:29
BRDA:7,0,0,1
BRDA:7,0,1,3
BRDA:7,1,0,4
BRDA:7,1,1,4
BRDA:21,2,0,1
BRDA:21,2,1,2
BRDA:33,3,0,1
BRDA:33,3,1,1
BRDA:44,4,0,1
BRDA:44,4,1,1
BRF:10
BRH:10
end_of_record
TN:
SF:src/database/database.js
FNF:0
FNH:0
DA:12,0
DA:14,0
DA:25,0
DA:26,0
DA:27,0
DA:28,0
DA:29,0
DA:32,0
DA:33,0
DA:36,0
DA:37,0
DA:38,0
DA:40,0
DA:41,0
DA:42,0
LF:15
LH:0
BRDA:20,0,0,0
BRDA:20,0,1,0
BRF:2
BRH:0
end_of_record
TN:
SF:src/database/init.js
FN:3,(anonymous_0)
FN:28,(anonymous_1)
FN:32,(anonymous_2)
FNF:3
FNH:0
FNDA:0,(anonymous_0)
FNDA:0,(anonymous_1)
FNDA:0,(anonymous_2)
DA:3,0
DA:4,0
DA:5,0
DA:8,0
DA:10,0
DA:11,0
DA:12,0
DA:13,0
DA:14,0
DA:15,0
DA:16,0
DA:17,0
DA:20,0
DA:21,0
DA:26,0
DA:27,0
DA:29,0
DA:30,0
DA:33,0
DA:34,0
LF:20
LH:0
BRDA:26,0,0,0
BRDA:26,0,1,0
BRDA:26,1,0,0
BRDA:26,1,1,0
BRF:4
BRH:0
end_of_record
TN:
SF:src/middleware/authMiddleware.js
FN:5,(anonymous_0)
FNF:1
FNH:1
FNDA:10,(anonymous_0)
DA:3,1
DA:5,1
DA:6,10
DA:7,10
DA:8,10
DA:9,10
DA:10,10
DA:11,10
DA:12,10
DA:14,0
LF:10
LH:9
BRDA:3,0,0,1
BRDA:3,0,1,1
BRDA:7,1,0,0
BRDA:7,1,1,10
BRF:4
BRH:3
end_of_record
TN:
SF:src/models/card.js
FN:2,(anonymous_0)
FNF:1
FNH:0
FNDA:0,(anonymous_0)
DA:3,0
DA:8,0
LF:2
LH:0
BRF:0
BRH:0
end_of_record
TN:
SF:src/models/game.js
FN:2,(anonymous_0)
FNF:1
FNH:0
FNDA:0,(anonymous_0)
DA:3,0
DA:8,0
LF:2
LH:0
BRF:0
BRH:0
end_of_record
TN:
SF:src/models/player.js
FN:2,(anonymous_0)
FNF:1
FNH:0
FNDA:0,(anonymous_0)
DA:3,0
DA:8,0
LF:2
LH:0
BRF:0
BRH:0
end_of_record
TN:
SF:src/models/playerCard.js
FN:2,(anonymous_0)
FNF:1
FNH:0
FNDA:0,(anonymous_0)
DA:3,0
DA:46,0
LF:2
LH:0
BRF:0
BRH:0
end_of_record
TN:
SF:src/models/score.js
FN:2,(anonymous_0)
FNF:1
FNH:0
FNDA:0,(anonymous_0)
DA:3,0
DA:8,0
LF:2
LH:0
BRF:0
BRH:0
end_of_record
TN:
SF:src/orm/index.js
FNF:0
FNH:0
DA:10,0
DA:12,0
DA:23,0
DA:24,0
DA:25,0
DA:26,0
DA:27,0
DA:30,0
DA:31,0
DA:34,0
DA:35,0
DA:36,0
DA:38,0
DA:39,0
DA:40,0
LF:15
LH:0
BRDA:18,0,0,0
BRDA:18,0,1,0
BRF:2
BRH:0
end_of_record
TN:
SF:src/routes/cardsRoutes.js
FNF:0
FNH:0
DA:5,1
DA:7,1
DA:8,1
DA:9,1
DA:10,1
DA:11,1
LF:6
LH:6
BRF:0
BRH:0
end_of_record
TN:
SF:src/routes/gameRulesRoutes.js
FNF:0
FNH:0
DA:18,1
DA:21,1
DA:24,1
DA:27,1
DA:30,1
DA:33,1
DA:36,1
DA:39,1
DA:42,1
DA:45,1
DA:48,1
DA:51,1
DA:54,1
DA:57,1
LF:14
LH:14
BRF:0
BRH:0
end_of_record
TN:
SF:src/routes/gamesRoutes.js
FNF:0
FNH:0
DA:5,1
DA:7,1
DA:8,1
DA:9,1
DA:10,1
DA:11,1
DA:12,1
DA:13,1
DA:14,1
DA:15,1
DA:16,1
DA:17,1
DA:18,1
DA:19,1
DA:20,1
LF:15
LH:15
BRF:0
BRH:0
end_of_record
TN:
SF:src/routes/playerCardRoutes.js
FNF:0
FNH:0
DA:5,1
DA:8,1
DA:11,1
DA:14,1
DA:17,1
DA:20,1
LF:6
LH:6
BRF:0
BRH:0
end_of_record
TN:
SF:src/routes/playersRoutes.js
FNF:0
FNH:0
DA:6,1
DA:9,1
DA:10,1
DA:11,1
DA:12,1
DA:13,1
DA:14,1
DA:15,1
DA:16,1
DA:17,1
LF:10
LH:10
BRF:0
BRH:0
end_of_record
TN:
SF:src/routes/scoresRoutes.js
FNF:0
FNH:0
DA:5,1
DA:7,1
DA:8,1
DA:9,1
DA:10,1
DA:11,1
LF:6
LH:6
BRF:0
BRH:0
end_of_record
TN:
SF:src/services/cardService.js
FN:6,(anonymous_0)
FN:29,(anonymous_1)
FN:30,(anonymous_2)
FN:36,(anonymous_3)
FN:46,(anonymous_4)
FN:51,(anonymous_5)
FN:56,(anonymous_6)
FN:63,(anonymous_7)
FN:71,(anonymous_8)
FN:77,(anonymous_9)
FN:83,(anonymous_10)
FNF:11
FNH:2
FNDA:0,(anonymous_0)
FNDA:0,(anonymous_1)
FNDA:0,(anonymous_2)
FNDA:0,(anonymous_3)
FNDA:1,(anonymous_4)
FNDA:1,(anonymous_5)
FNDA:0,(anonymous_6)
FNDA:0,(anonymous_7)
FNDA:0,(anonymous_8)
FNDA:0,(anonymous_9)
FNDA:0,(anonymous_10)
DA:3,1
DA:6,1
DA:7,0
DA:8,0
DA:23,0
DA:28,0
DA:29,0
DA:30,0
DA:31,0
DA:32,0
DA:36,0
DA:37,0
DA:40,0
DA:41,0
DA:42,0
DA:46,1
DA:47,1
DA:51,1
DA:52,1
DA:56,1
DA:57,0
DA:58,0
DA:59,0
DA:63,1
DA:64,0
DA:65,0
DA:66,0
DA:67,0
DA:71,1
DA:72,0
DA:73,0
DA:77,1
DA:78,0
DA:79,0
DA:83,1
DA:84,0
DA:85,0
LF:37
LH:11
BRDA:32,0,0,0
BRDA:32,0,1,0
BRDA:58,1,0,0
BRDA:58,1,1,0
BRDA:65,2,0,0
BRDA:65,2,1,0
BRF:6
BRH:0
end_of_record
TN:
SF:src/services/gameRulesService.js
FN:18,(anonymous_0)
FN:31,(anonymous_1)
FN:33,(anonymous_2)
FN:36,(anonymous_3)
FN:40,(anonymous_4)
FN:44,(anonymous_5)
FN:53,(anonymous_6)
FN:57,(anonymous_7)
FN:62,(anonymous_8)
FN:66,(anonymous_9)
FN:70,(anonymous_10)
FN:74,(anonymous_11)
FN:78,(anonymous_12)
FN:85,(anonymous_13)
FN:89,(anonymous_14)
FN:95,(anonymous_15)
FN:111,(anonymous_16)
FN:122,(anonymous_17)
FN:123,(anonymous_18)
FN:126,(anonymous_19)
FN:131,(anonymous_20)
FN:139,(anonymous_21)
FN:163,(anonymous_22)
FN:209,(anonymous_23)
FN:212,(anonymous_24)
FN:220,(anonymous_25)
FN:232,(anonymous_26)
FN:238,(anonymous_27)
FN:246,(anonymous_28)
FN:255,(anonymous_29)
FN:265,(anonymous_30)
FN:274,(anonymous_31)
FN:283,(anonymous_32)
FN:302,(anonymous_33)
FN:363,(anonymous_34)
FN:392,(anonymous_35)
FN:398,(anonymous_36)
FN:415,(anonymous_37)
FN:421,(anonymous_38)
FN:422,(anonymous_39)
FN:443,(anonymous_40)
FN:453,(anonymous_41)
FN:459,(anonymous_42)
FN:468,(anonymous_43)
FN:473,(anonymous_44)
FN:485,(anonymous_45)
FNF:46
FNH:0
FNDA:0,(anonymous_0)
FNDA:0,(anonymous_1)
FNDA:0,(anonymous_2)
FNDA:0,(anonymous_3)
FNDA:0,(anonymous_4)
FNDA:0,(anonymous_5)
FNDA:0,(anonymous_6)
FNDA:0,(anonymous_7)
FNDA:0,(anonymous_8)
FNDA:0,(anonymous_9)
FNDA:0,(anonymous_10)
FNDA:0,(anonymous_11)
FNDA:0,(anonymous_12)
FNDA:0,(anonymous_13)
FNDA:0,(anonymous_14)
FNDA:0,(anonymous_15)
FNDA:0,(anonymous_16)
FNDA:0,(anonymous_17)
FNDA:0,(anonymous_18)
FNDA:0,(anonymous_19)
FNDA:0,(anonymous_20)
FNDA:0,(anonymous_21)
FNDA:0,(anonymous_22)
FNDA:0,(anonymous_23)
FNDA:0,(anonymous_24)
FNDA:0,(anonymous_25)
FNDA:0,(anonymous_26)
FNDA:0,(anonymous_27)
FNDA:0,(anonymous_28)
FNDA:0,(anonymous_29)
FNDA:0,(anonymous_30)
FNDA:0,(anonymous_31)
FNDA:0,(anonymous_32)
FNDA:0,(anonymous_33)
FNDA:0,(anonymous_34)
FNDA:0,(anonymous_35)
FNDA:0,(anonymous_36)
FNDA:0,(anonymous_37)
FNDA:0,(anonymous_38)
FNDA:0,(anonymous_39)
FNDA:0,(anonymous_40)
FNDA:0,(anonymous_41)
FNDA:0,(anonymous_42)
FNDA:0,(anonymous_43)
FNDA:0,(anonymous_44)
FNDA:0,(anonymous_45)
DA:14,1
DA:19,0
DA:20,0
DA:21,0
DA:22,0
DA:23,0
DA:24,0
DA:25,0
DA:26,0
DA:27,0
DA:28,0
DA:32,0
DA:33,0
DA:37,0
DA:41,0
DA:45,0
DA:46,0
DA:54,0
DA:58,0
DA:59,0
DA:63,0
DA:67,0
DA:71,0
DA:75,0
DA:79,0
DA:86,0
DA:90,0
DA:95,0
DA:108,1
DA:111,1
DA:112,0
DA:115,0
DA:118,0
DA:122,1
DA:123,0
DA:126,1
DA:127,0
DA:131,1
DA:132,0
DA:133,0
DA:134,0
DA:136,0
DA:139,1
DA:140,0
DA:141,0
DA:144,0
DA:146,0
DA:153,0
DA:163,1
DA:164,0
DA:166,0
DA:167,0
DA:170,0
DA:171,0
DA:177,0
DA:178,0
DA:179,0
DA:187,0
DA:194,0
DA:195,0
DA:204,0
DA:209,1
DA:210,0
DA:211,0
DA:212,0
DA:213,0
DA:216,0
DA:220,1
DA:221,0
DA:222,0
DA:225,0
DA:226,0
DA:229,0
DA:232,1
DA:233,0
DA:236,0
DA:237,0
DA:238,0
DA:239,0
DA:241,0
DA:246,0
DA:247,0
DA:249,0
DA:253,1
DA:256,0
DA:257,0
DA:258,0
DA:259,0
DA:261,0
DA:266,0
DA:267,0
DA:268,0
DA:270,0
DA:275,0
DA:276,0
DA:277,0
DA:282,0
DA:283,0
DA:284,0
DA:290,0
DA:295,0
DA:303,0
DA:304,0
DA:305,0
DA:308,0
DA:309,0
DA:310,0
DA:314,0
DA:315,0
DA:318,0
DA:319,0
DA:323,0
DA:326,0
DA:327,0
DA:330,0
DA:331,0
DA:332,0
DA:335,0
DA:342,0
DA:343,0
DA:344,0
DA:345,0
DA:347,0
DA:355,0
DA:364,0
DA:365,0
DA:366,0
DA:369,0
DA:370,0
DA:371,0
DA:375,0
DA:377,0
DA:382,0
DA:384,0
DA:393,0
DA:394,0
DA:395,0
DA:398,0
DA:399,0
DA:400,0
DA:403,0
DA:404,0
DA:409,0
DA:416,0
DA:417,0
DA:418,0
DA:421,0
DA:422,0
DA:424,0
DA:425,0
DA:428,0
DA:430,0
DA:436,0
DA:444,0
DA:445,0
DA:446,0
DA:449,0
DA:454,0
DA:455,0
DA:456,0
DA:459,0
DA:460,0
DA:461,0
DA:464,0
DA:466,0
DA:468,0
DA:474,0
DA:475,0
DA:476,0
DA:479,0
DA:486,0
DA:487,0
DA:488,0
DA:491,0
LF:174
LH:12
BRDA:46,0,0,0
BRDA:46,0,1,0
BRDA:46,1,0,0
BRDA:46,1,1,0
BRDA:48,2,0,0
BRDA:48,2,1,0
BRDA:86,3,0,0
BRDA:86,3,1,0
BRDA:93,4,0,0
BRDA:93,4,1,0
BRDA:98,5,0,0
BRDA:98,5,1,0
BRDA:112,6,0,0
BRDA:112,6,1,0
BRDA:115,7,0,0
BRDA:115,7,1,0
BRDA:118,8,0,0
BRDA:118,8,1,0
BRDA:132,9,0,0
BRDA:132,9,1,0
BRDA:133,10,0,0
BRDA:133,10,1,0
BRDA:140,11,0,0
BRDA:140,11,1,0
BRDA:141,12,0,0
BRDA:141,12,1,0
BRDA:144,13,0,0
BRDA:144,13,1,0
BRDA:164,14,0,0
BRDA:164,14,1,0
BRDA:164,14,2,0
BRDA:164,14,3,0
BRDA:164,14,4,0
BRDA:164,14,5,0
BRDA:173,15,0,0
BRDA:173,15,1,0
BRDA:211,16,0,0
BRDA:211,16,1,0
BRDA:221,17,0,0
BRDA:221,17,1,0
BRDA:222,18,0,0
BRDA:222,18,1,0
BRDA:225,19,0,0
BRDA:225,19,1,0
BRDA:229,20,0,0
BRDA:229,20,1,0
BRDA:237,21,0,0
BRDA:237,21,1,0
BRDA:267,22,0,0
BRDA:267,22,1,0
BRDA:274,23,0,0
BRDA:276,24,0,0
BRDA:276,24,1,0
BRDA:304,25,0,0
BRDA:304,25,1,0
BRDA:309,26,0,0
BRDA:309,26,1,0
BRDA:318,27,0,0
BRDA:318,27,1,0
BRDA:318,28,0,0
BRDA:318,28,1,0
BRDA:330,29,0,0
BRDA:330,29,1,0
BRDA:331,30,0,0
BRDA:331,30,1,0
BRDA:343,31,0,0
BRDA:343,31,1,0
BRDA:365,32,0,0
BRDA:365,32,1,0
BRDA:370,33,0,0
BRDA:370,33,1,0
BRDA:394,34,0,0
BRDA:394,34,1,0
BRDA:399,35,0,0
BRDA:399,35,1,0
BRDA:417,36,0,0
BRDA:417,36,1,0
BRDA:424,37,0,0
BRDA:424,37,1,0
BRDA:424,38,0,0
BRDA:424,38,1,0
BRDA:433,39,0,0
BRDA:433,39,1,0
BRDA:445,40,0,0
BRDA:445,40,1,0
BRDA:455,41,0,0
BRDA:455,41,1,0
BRDA:460,42,0,0
BRDA:460,42,1,0
BRDA:464,43,0,0
BRDA:464,43,1,0
BRDA:475,44,0,0
BRDA:475,44,1,0
BRDA:487,45,0,0
BRDA:487,45,1,0
BRF:95
BRH:0
end_of_record
TN:
SF:src/services/gameService.js
FN:8,(anonymous_0)
FN:17,(anonymous_1)
FN:22,(anonymous_2)
FN:29,(anonymous_3)
FN:37,(anonymous_4)
FN:43,(anonymous_5)
FN:49,(anonymous_6)
FN:63,(anonymous_7)
FN:76,(anonymous_8)
FN:97,(anonymous_9)
FN:104,(anonymous_10)
FN:109,(anonymous_11)
FN:119,(anonymous_12)
FNF:13
FNH:2
FNDA:1,(anonymous_0)
FNDA:1,(anonymous_1)
FNDA:0,(anonymous_2)
FNDA:0,(anonymous_3)
FNDA:0,(anonymous_4)
FNDA:0,(anonymous_5)
FNDA:0,(anonymous_6)
FNDA:0,(anonymous_7)
FNDA:0,(anonymous_8)
FNDA:0,(anonymous_9)
FNDA:0,(anonymous_10)
FNDA:0,(anonymous_11)
FNDA:0,(anonymous_12)
DA:5,1
DA:8,1
DA:9,1
DA:17,1
DA:18,1
DA:22,1
DA:23,0
DA:24,0
DA:25,0
DA:29,1
DA:30,0
DA:31,0
DA:32,0
DA:33,0
DA:37,1
DA:38,0
DA:39,0
DA:43,1
DA:44,0
DA:45,0
DA:46,0
DA:47,0
DA:48,0
DA:49,0
DA:51,0
DA:52,0
DA:53,0
DA:54,0
DA:55,0
DA:57,0
DA:58,0
DA:63,1
DA:64,0
DA:65,0
DA:66,0
DA:67,0
DA:68,0
DA:70,0
DA:71,0
DA:76,1
DA:77,0
DA:78,0
DA:79,0
DA:80,0
DA:81,0
DA:82,0
DA:83,0
DA:85,0
DA:87,0
DA:88,0
DA:89,0
DA:91,0
DA:92,0
DA:97,1
DA:98,0
DA:99,0
DA:100,0
DA:101,0
DA:104,1
DA:105,0
DA:106,0
DA:107,0
DA:108,0
DA:109,0
DA:110,0
DA:111,0
DA:112,0
DA:114,0
DA:115,0
DA:119,1
DA:120,0
DA:121,0
DA:122,0
DA:123,0
DA:124,0
LF:75
LH:14
BRDA:24,0,0,0
BRDA:24,0,1,0
BRDA:31,1,0,0
BRDA:31,1,1,0
BRDA:46,2,0,0
BRDA:46,2,1,0
BRDA:51,3,0,0
BRDA:51,3,1,0
BRDA:53,4,0,0
BRDA:53,4,1,0
BRDA:66,5,0,0
BRDA:66,5,1,0
BRDA:79,6,0,0
BRDA:79,6,1,0
BRDA:80,7,0,0
BRDA:80,7,1,0
BRDA:82,8,0,0
BRDA:82,8,1,0
BRDA:99,9,0,0
BRDA:99,9,1,0
BRDA:107,10,0,0
BRDA:107,10,1,0
BRDA:110,11,0,0
BRDA:110,11,1,0
BRDA:121,12,0,0
BRDA:121,12,1,0
BRDA:122,13,0,0
BRDA:122,13,1,0
BRF:28
BRH:0
end_of_record
TN:
SF:src/services/playerCardService.js
FN:10,(anonymous_0)
FN:19,(anonymous_1)
FN:27,(anonymous_2)
FN:49,(anonymous_3)
FN:67,(anonymous_4)
FN:83,(anonymous_5)
FN:95,(anonymous_6)
FN:124,(anonymous_7)
FN:144,(anonymous_8)
FN:157,(anonymous_9)
FN:192,(anonymous_10)
FN:200,(anonymous_11)
FN:234,(anonymous_12)
FN:242,(anonymous_13)
FNF:14
FNH:0
FNDA:0,(anonymous_0)
FNDA:0,(anonymous_1)
FNDA:0,(anonymous_2)
FNDA:0,(anonymous_3)
FNDA:0,(anonymous_4)
FNDA:0,(anonymous_5)
FNDA:0,(anonymous_6)
FNDA:0,(anonymous_7)
FNDA:0,(anonymous_8)
FNDA:0,(anonymous_9)
FNDA:0,(anonymous_10)
FNDA:0,(anonymous_11)
FNDA:0,(anonymous_12)
FNDA:0,(anonymous_13)
DA:7,1
DA:10,1
DA:11,0
DA:12,0
DA:13,0
DA:15,0
DA:19,1
DA:20,0
DA:22,0
DA:27,0
DA:30,0
DA:37,0
DA:38,0
DA:42,0
DA:45,0
DA:48,0
DA:50,0
DA:59,0
DA:61,0
DA:62,0
DA:67,1
DA:68,0
DA:69,0
DA:83,0
DA:89,0
DA:90,0
DA:95,1
DA:96,0
DA:97,0
DA:106,0
DA:107,0
DA:111,0
DA:116,0
DA:118,0
DA:119,0
DA:124,1
DA:125,0
DA:126,0
DA:144,0
DA:151,0
DA:152,0
DA:157,1
DA:158,0
DA:159,0
DA:177,0
DA:179,0
DA:186,0
DA:187,0
DA:192,1
DA:193,0
DA:195,0
DA:200,0
DA:203,0
DA:210,0
DA:211,0
DA:215,0
DA:222,0
DA:228,0
DA:229,0
DA:234,1
DA:235,0
DA:236,0
DA:237,0
DA:239,0
DA:241,0
DA:242,0
DA:245,0
DA:247,0
DA:248,0
LF:69
LH:9
BRDA:19,0,0,0
BRDA:37,1,0,0
BRDA:37,1,1,0
BRDA:106,2,0,0
BRDA:106,2,1,0
BRDA:177,3,0,0
BRDA:177,3,1,0
BRDA:210,4,0,0
BRDA:210,4,1,0
BRDA:237,5,0,0
BRDA:237,5,1,0
BRF:11
BRH:0
end_of_record
TN:
SF:src/services/playerService.js
FN:26,(anonymous_0)
FN:28,(anonymous_1)
FN:38,(anonymous_2)
FN:42,(anonymous_3)
FN:43,(anonymous_4)
FN:47,(anonymous_5)
FN:48,(anonymous_6)
FN:52,(anonymous_7)
FN:52,(anonymous_8)
FN:57,(anonymous_9)
FN:59,(anonymous_10)
FN:67,(anonymous_11)
FN:75,(anonymous_12)
FN:86,(anonymous_13)
FN:88,(anonymous_14)
FN:89,(anonymous_15)
FN:90,(anonymous_16)
FN:94,(anonymous_17)
FN:96,(anonymous_18)
FN:104,(anonymous_19)
FN:110,(anonymous_20)
FN:118,(anonymous_21)
FN:120,(anonymous_22)
FN:139,(anonymous_23)
FN:147,(anonymous_24)
FN:149,(anonymous_25)
FN:164,(anonymous_26)
FN:172,(anonymous_27)
FN:174,(anonymous_28)
FN:178,(anonymous_29)
FN:183,(anonymous_30)
FN:191,(anonymous_31)
FN:193,(anonymous_32)
FN:203,(anonymous_33)
FN:205,(anonymous_34)
FN:210,(anonymous_35)
FN:218,(anonymous_36)
FN:220,(anonymous_37)
FN:230,(anonymous_38)
FN:232,(anonymous_39)
FN:237,(anonymous_40)
FN:245,(anonymous_41)
FN:247,(anonymous_42)
FN:251,(anonymous_43)
FN:252,(anonymous_44)
FN:257,(anonymous_45)
FN:265,(anonymous_46)
FN:267,(anonymous_47)
FN:283,(anonymous_48)
FN:291,(anonymous_49)
FN:293,(anonymous_50)
FN:295,(anonymous_51)
FN:299,(anonymous_52)
FN:300,(anonymous_53)
FN:304,(anonymous_54)
FNF:55
FNH:18
FNDA:0,(anonymous_0)
FNDA:0,(anonymous_1)
FNDA:7,(anonymous_2)
FNDA:0,(anonymous_3)
FNDA:0,(anonymous_4)
FNDA:0,(anonymous_5)
FNDA:0,(anonymous_6)
FNDA:0,(anonymous_7)
FNDA:0,(anonymous_8)
FNDA:11,(anonymous_9)
FNDA:33,(anonymous_10)
FNDA:11,(anonymous_11)
FNDA:5,(anonymous_12)
FNDA:11,(anonymous_13)
FNDA:11,(anonymous_14)
FNDA:11,(anonymous_15)
FNDA:5,(anonymous_16)
FNDA:4,(anonymous_17)
FNDA:4,(anonymous_18)
FNDA:4,(anonymous_19)
FNDA:0,(anonymous_20)
FNDA:1,(anonymous_21)
FNDA:1,(anonymous_22)
FNDA:0,(anonymous_23)
FNDA:1,(anonymous_24)
FNDA:1,(anonymous_25)
FNDA:0,(anonymous_26)
FNDA:2,(anonymous_27)
FNDA:2,(anonymous_28)
FNDA:0,(anonymous_29)
FNDA:0,(anonymous_30)
FNDA:0,(anonymous_31)
FNDA:0,(anonymous_32)
FNDA:0,(anonymous_33)
FNDA:0,(anonymous_34)
FNDA:0,(anonymous_35)
FNDA:0,(anonymous_36)
FNDA:0,(anonymous_37)
FNDA:0,(anonymous_38)
FNDA:0,(anonymous_39)
FNDA:0,(anonymous_40)
FNDA:0,(anonymous_41)
FNDA:0,(anonymous_42)
FNDA:0,(anonymous_43)
FNDA:0,(anonymous_44)
FNDA:0,(anonymous_45)
FNDA:0,(anonymous_46)
FNDA:0,(anonymous_47)
FNDA:0,(anonymous_48)
FNDA:0,(anonymous_49)
FNDA:0,(anonymous_50)
FNDA:0,(anonymous_51)
FNDA:0,(anonymous_52)
FNDA:0,(anonymous_53)
FNDA:0,(anonymous_54)
DA:23,2
DA:26,2
DA:27,0
DA:28,0
DA:31,2
DA:33,2
DA:36,2
DA:38,7
DA:42,2
DA:43,0
DA:47,2
DA:48,0
DA:52,2
DA:53,0
DA:57,2
DA:58,11
DA:59,33
DA:61,11
DA:62,6
DA:64,5
DA:67,2
DA:68,11
DA:75,2
DA:76,5
DA:77,5
DA:78,5
DA:79,4
DA:81,1
DA:86,2
DA:87,11
DA:88,11
DA:89,11
DA:90,5
DA:94,2
DA:95,4
DA:97,4
DA:98,0
DA:101,4
DA:103,4
DA:104,4
DA:111,0
DA:112,0
DA:118,2
DA:119,1
DA:121,1
DA:122,0
DA:125,1
DA:127,1
DA:128,0
DA:132,1
DA:134,1
DA:136,1
DA:140,0
DA:141,0
DA:147,2
DA:148,1
DA:150,1
DA:151,0
DA:154,1
DA:156,1
DA:157,0
DA:160,1
DA:161,1
DA:165,0
DA:166,0
DA:172,2
DA:173,2
DA:175,2
DA:177,2
DA:178,0
DA:184,0
DA:185,0
DA:191,2
DA:192,0
DA:194,0
DA:195,0
DA:198,0
DA:200,0
DA:203,0
DA:205,0
DA:211,0
DA:212,0
DA:218,2
DA:219,0
DA:221,0
DA:222,0
DA:225,0
DA:227,0
DA:230,0
DA:232,0
DA:238,0
DA:239,0
DA:245,2
DA:246,0
DA:248,0
DA:250,0
DA:251,0
DA:252,0
DA:258,0
DA:259,0
DA:265,2
DA:266,0
DA:268,0
DA:269,0
DA:272,0
DA:274,0
DA:275,0
DA:280,0
DA:284,0
DA:285,0
DA:291,2
DA:292,0
DA:294,0
DA:295,0
DA:297,0
DA:299,0
DA:300,0
DA:305,0
DA:306,0
LF:119
LH:58
BRDA:61,0,0,6
BRDA:61,0,1,5
BRDA:70,1,0,7
BRDA:70,1,1,4
BRDA:71,2,0,5
BRDA:71,2,1,6
BRDA:97,3,0,0
BRDA:97,3,1,4
BRDA:121,4,0,0
BRDA:121,4,1,1
BRDA:127,5,0,0
BRDA:127,5,1,1
BRDA:150,6,0,0
BRDA:150,6,1,1
BRDA:156,7,0,0
BRDA:156,7,1,1
BRDA:194,8,0,0
BRDA:194,8,1,0
BRDA:221,9,0,0
BRDA:221,9,1,0
BRDA:268,10,0,0
BRDA:268,10,1,0
BRDA:268,11,0,0
BRDA:268,11,1,0
BRDA:274,12,0,0
BRDA:274,12,1,0
BRF:26
BRH:11
end_of_record
TN:
SF:src/services/scoreService.js
FN:6,(anonymous_0)
FN:15,(anonymous_1)
FN:20,(anonymous_2)
FN:27,(anonymous_3)
FN:35,(anonymous_4)
FN:41,(anonymous_5)
FN:47,(anonymous_6)
FNF:7
FNH:2
FNDA:1,(anonymous_0)
FNDA:1,(anonymous_1)
FNDA:0,(anonymous_2)
FNDA:0,(anonymous_3)
FNDA:0,(anonymous_4)
FNDA:0,(anonymous_5)
FNDA:0,(anonymous_6)
DA:3,1
DA:6,1
DA:7,1
DA:15,1
DA:16,1
DA:20,1
DA:21,0
DA:22,0
DA:23,0
DA:27,1
DA:28,0
DA:29,0
DA:30,0
DA:31,0
DA:35,1
DA:36,0
DA:37,0
DA:41,1
DA:42,0
DA:43,0
DA:47,1
DA:48,0
DA:49,0
LF:23
LH:10
BRDA:22,0,0,0
BRDA:22,0,1,0
BRDA:29,1,0,0
BRDA:29,1,1,0
BRF:4
BRH:0
end_of_record
TN:
SF:src/utils/functional.js
FN:2,(anonymous_0)
FN:3,(anonymous_1)
FN:7,(anonymous_2)
FN:12,(anonymous_3)
FN:12,(anonymous_4)
FN:13,(anonymous_5)
FN:16,(anonymous_6)
FN:16,(anonymous_7)
FN:19,(anonymous_8)
FN:19,(anonymous_9)
FN:22,(anonymous_10)
FN:22,(anonymous_11)
FN:26,(anonymous_12)
FN:26,(anonymous_13)
FN:27,(anonymous_14)
FN:30,(anonymous_15)
FN:33,(anonymous_16)
FN:33,(anonymous_17)
FN:36,(anonymous_18)
FN:36,(anonymous_19)
FN:37,(anonymous_20)
FN:40,(anonymous_21)
FN:40,(anonymous_22)
FN:41,(anonymous_23)
FN:49,(anonymous_24)
FN:49,(anonymous_25)
FN:50,(anonymous_26)
FN:58,(anonymous_27)
FN:58,(anonymous_28)
FN:61,(anonymous_29)
FN:61,(anonymous_30)
FN:61,(anonymous_31)
FN:64,(anonymous_32)
FN:64,(anonymous_33)
FN:70,(anonymous_34)
FN:73,(anonymous_35)
FN:81,(anonymous_36)
FN:81,(anonymous_37)
FN:84,(anonymous_38)
FN:84,(anonymous_39)
FN:84,(anonymous_40)
FN:88,(anonymous_41)
FN:88,(anonymous_42)
FN:88,(anonymous_43)
FN:92,(anonymous_44)
FN:92,(anonymous_45)
FN:98,(anonymous_46)
FN:98,(anonymous_47)
FN:98,(anonymous_48)
FN:107,(anonymous_49)
FN:109,(anonymous_50)
FN:121,(anonymous_51)
FN:123,(anonymous_52)
FN:125,(anonymous_53)
FN:130,(anonymous_54)
FN:132,(anonymous_55)
FN:142,(anonymous_56)
FN:142,(anonymous_57)
FN:145,(anonymous_58)
FN:145,(anonymous_59)
FN:148,(anonymous_60)
FN:148,(anonymous_61)
FN:151,(anonymous_62)
FN:151,(anonymous_63)
FN:154,(anonymous_64)
FN:157,(anonymous_65)
FN:160,(anonymous_66)
FN:163,(anonymous_67)
FN:166,(anonymous_68)
FN:166,(anonymous_69)
FN:169,(anonymous_70)
FN:169,(anonymous_71)
FN:172,(anonymous_72)
FN:172,(anonymous_73)
FN:175,(anonymous_74)
FN:178,(anonymous_75)
FN:181,(anonymous_76)
FN:182,(anonymous_77)
FN:187,(anonymous_78)
FN:187,(anonymous_79)
FN:188,(anonymous_80)
FN:196,(anonymous_81)
FN:196,(anonymous_82)
FN:197,(anonymous_83)
FN:204,(anonymous_84)
FN:204,(anonymous_85)
FN:205,(anonymous_86)
FN:211,(anonymous_87)
FNF:88
FNH:22
FNDA:9,(anonymous_0)
FNDA:0,(anonymous_1)
FNDA:0,(anonymous_2)
FNDA:0,(anonymous_3)
FNDA:0,(anonymous_4)
FNDA:0,(anonymous_5)
FNDA:4,(anonymous_6)
FNDA:4,(anonymous_7)
FNDA:0,(anonymous_8)
FNDA:0,(anonymous_9)
FNDA:0,(anonymous_10)
FNDA:0,(anonymous_11)
FNDA:4,(anonymous_12)
FNDA:9,(anonymous_13)
FNDA:18,(anonymous_14)
FNDA:0,(anonymous_15)
FNDA:0,(anonymous_16)
FNDA:0,(anonymous_17)
FNDA:0,(anonymous_18)
FNDA:0,(anonymous_19)
FNDA:0,(anonymous_20)
FNDA:2,(anonymous_21)
FNDA:6,(anonymous_22)
FNDA:18,(anonymous_23)
FNDA:2,(anonymous_24)
FNDA:7,(anonymous_25)
FNDA:45,(anonymous_26)
FNDA:0,(anonymous_27)
FNDA:0,(anonymous_28)
FNDA:0,(anonymous_29)
FNDA:0,(anonymous_30)
FNDA:0,(anonymous_31)
FNDA:0,(anonymous_32)
FNDA:0,(anonymous_33)
FNDA:45,(anonymous_34)
FNDA:33,(anonymous_35)
FNDA:0,(anonymous_36)
FNDA:0,(anonymous_37)
FNDA:4,(anonymous_38)
FNDA:4,(anonymous_39)
FNDA:4,(anonymous_40)
FNDA:0,(anonymous_41)
FNDA:0,(anonymous_42)
FNDA:0,(anonymous_43)
FNDA:2,(anonymous_44)
FNDA:7,(anonymous_45)
FNDA:8,(anonymous_46)
FNDA:8,(anonymous_47)
FNDA:8,(anonymous_48)
FNDA:0,(anonymous_49)
FNDA:0,(anonymous_50)
FNDA:0,(anonymous_51)
FNDA:0,(anonymous_52)
FNDA:0,(anonymous_53)
FNDA:0,(anonymous_54)
FNDA:0,(anonymous_55)
FNDA:0,(anonymous_56)
FNDA:0,(anonymous_57)
FNDA:0,(anonymous_58)
FNDA:0,(anonymous_59)
FNDA:0,(anonymous_60)
FNDA:0,(anonymous_61)
FNDA:0,(anonymous_62)
FNDA:0,(anonymous_63)
FNDA:0,(anonymous_64)
FNDA:0,(anonymous_65)
FNDA:0,(anonymous_66)
FNDA:0,(anonymous_67)
FNDA:0,(anonymous_68)
FNDA:0,(anonymous_69)
FNDA:0,(anonymous_70)
FNDA:0,(anonymous_71)
FNDA:0,(anonymous_72)
FNDA:0,(anonymous_73)
FNDA:0,(anonymous_74)
FNDA:0,(anonymous_75)
FNDA:0,(anonymous_76)
FNDA:0,(anonymous_77)
FNDA:0,(anonymous_78)
FNDA:0,(anonymous_79)
FNDA:0,(anonymous_80)
FNDA:0,(anonymous_81)
FNDA:0,(anonymous_82)
FNDA:0,(anonymous_83)
FNDA:0,(anonymous_84)
FNDA:0,(anonymous_85)
FNDA:0,(anonymous_86)
FNDA:0,(anonymous_87)
DA:2,2
DA:3,9
DA:4,0
DA:5,0
DA:7,0
DA:12,2
DA:13,0
DA:16,4
DA:19,2
DA:22,2
DA:23,0
DA:26,4
DA:27,18
DA:30,2
DA:33,2
DA:36,2
DA:37,0
DA:40,2
DA:41,6
DA:42,18
DA:43,18
DA:45,18
DA:49,2
DA:50,7
DA:51,45
DA:52,38
DA:54,45
DA:58,2
DA:61,2
DA:64,2
DA:65,0
DA:66,0
DA:70,45
DA:73,2
DA:74,33
DA:75,21
DA:76,0
DA:77,0
DA:81,2
DA:84,4
DA:85,4
DA:88,2
DA:89,0
DA:92,2
DA:93,7
DA:94,7
DA:98,8
DA:99,8
DA:100,8
DA:102,0
DA:107,2
DA:108,0
DA:109,0
DA:110,0
DA:111,0
DA:112,0
DA:114,0
DA:115,0
DA:116,0
DA:121,2
DA:123,0
DA:124,0
DA:125,0
DA:130,2
DA:131,0
DA:132,0
DA:133,0
DA:134,0
DA:135,0
DA:136,0
DA:142,2
DA:145,2
DA:148,2
DA:151,2
DA:154,2
DA:157,2
DA:160,2
DA:163,2
DA:166,2
DA:169,2
DA:172,2
DA:175,2
DA:178,2
DA:181,2
DA:182,0
DA:183,0
DA:187,2
DA:188,0
DA:189,0
DA:190,0
DA:191,0
DA:192,0
DA:196,2
DA:197,0
DA:198,0
DA:199,0
DA:200,0
DA:204,2
DA:205,0
DA:206,0
DA:207,0
DA:211,2
DA:212,0
DA:213,0
DA:214,0
DA:215,0
DA:217,0
LF:107
LH:59
BRDA:4,0,0,0
BRDA:4,0,1,0
BRDA:37,1,0,0
BRDA:37,1,1,0
BRDA:42,2,0,18
BRDA:42,2,1,0
BRDA:51,3,0,38
BRDA:51,3,1,7
BRDA:74,4,0,12
BRDA:74,4,1,21
BRDA:75,5,0,21
BRDA:75,5,1,0
BRDA:75,6,0,21
BRDA:75,6,1,0
BRDA:76,7,0,0
BRDA:76,7,1,0
BRDA:85,8,0,3
BRDA:85,8,1,1
BRDA:89,9,0,0
BRDA:89,9,1,0
BRDA:111,10,0,0
BRDA:111,10,1,0
BRDA:134,11,0,0
BRDA:134,11,1,0
BRDA:183,12,0,0
BRDA:183,12,1,0
BRDA:190,13,0,0
BRDA:190,13,1,0
BRDA:199,14,0,0
BRDA:199,14,1,0
BRDA:206,15,0,0
BRDA:206,15,1,0
BRF:32
BRH:9
end_of_record
TN:
SF:src/utils/result.js
FN:2,(anonymous_0)
FN:7,(anonymous_1)
FN:11,(anonymous_2)
FN:15,(anonymous_3)
FN:19,(anonymous_4)
FN:23,(anonymous_5)
FNF:6
FNH:4
FNDA:38,(anonymous_0)
FNDA:31,(anonymous_1)
FNDA:7,(anonymous_2)
FNDA:0,(anonymous_3)
FNDA:33,(anonymous_4)
FNDA:0,(anonymous_5)
DA:3,38
DA:4,38
DA:8,31
DA:12,7
DA:16,0
DA:20,33
DA:24,0
LF:7
LH:5
BRDA:16,0,0,0
BRDA:16,0,1,0
BRDA:20,1,0,27
BRDA:20,1,1,6
BRDA:24,2,0,0
BRDA:24,2,1,0
BRF:6
BRH:2
end_of_record
